<?xml version="1.0" encoding="UTF-8"?>
<testsuite name="TestSuite" time="19.392" tests="14" errors="0" skipped="0" failures="3">
  <properties>
    <property name="java.runtime.name" value="Java(TM) SE Runtime Environment"/>
    <property name="sun.boot.library.path" value="C:\Program Files (x86)\Java\jdk1.7.0_79\jre\bin"/>
    <property name="java.vm.version" value="24.79-b02"/>
    <property name="java.vm.vendor" value="Oracle Corporation"/>
    <property name="java.vendor.url" value="http://java.oracle.com/"/>
    <property name="path.separator" value=";"/>
    <property name="guice.disable.misplaced.annotation.check" value="true"/>
    <property name="java.vm.name" value="Java HotSpot(TM) Client VM"/>
    <property name="file.encoding.pkg" value="sun.io"/>
    <property name="user.script" value=""/>
    <property name="user.country" value="US"/>
    <property name="sun.java.launcher" value="SUN_STANDARD"/>
    <property name="sun.os.patch.level" value="Service Pack 1"/>
    <property name="java.vm.specification.name" value="Java Virtual Machine Specification"/>
    <property name="user.dir" value="C:\Users\n.kumarasamy\Selenium\Cadency"/>
    <property name="java.runtime.version" value="1.7.0_79-b15"/>
    <property name="java.awt.graphicsenv" value="sun.awt.Win32GraphicsEnvironment"/>
    <property name="basedir" value="C:\Users\n.kumarasamy\Selenium\Cadency"/>
    <property name="java.endorsed.dirs" value="C:\Program Files (x86)\Java\jdk1.7.0_79\jre\lib\endorsed"/>
    <property name="os.arch" value="x86"/>
    <property name="java.io.tmpdir" value="C:\Users\NC2D9~1.KUM\AppData\Local\Temp\"/>
    <property name="line.separator" value="&#10;"/>
    <property name="java.vm.specification.vendor" value="Oracle Corporation"/>
    <property name="user.variant" value=""/>
    <property name="os.name" value="Windows 7"/>
    <property name="classworlds.conf" value="C:\Users\n.kumarasamy\Selenium\.metadata\.plugins\org.eclipse.m2e.launching\launches\m2conf607183076198598353.tmp"/>
    <property name="sun.jnu.encoding" value="Cp1252"/>
    <property name="jnidispatch.path" value="C:\Users\NC2D9~1.KUM\AppData\Local\Temp\jna--73933145\jna5098943151350782626.dll"/>
    <property name="java.library.path" value="C:\Program Files (x86)\Java\jdk1.7.0_79\bin;C:\windows\Sun\Java\bin;C:\windows\system32;C:\windows;C:/Program Files (x86)/Java/jre7/bin/client;C:/Program Files (x86)/Java/jre7/bin;C:/Program Files (x86)/Java/jre7/lib/i386;C:\Program Files\Broadcom\Broadcom 802.11;;C:\windows\system32;C:\windows;C:\windows\System32\Wbem;C:\windows\System32\WindowsPowerShell\v1.0\;C:\Program Files\OpenVPN\bin;C:\Program Files (x86)\Silk\SilkTest;C:\Program Files (x86)\Silk\SilkTest\ng\gui;C:\Program Files (x86)\Symantec\VIP Access Client\;C:\Program Files (x86)\Eclipse;;."/>
    <property name="surefire.test.class.path" value="C:\Users\n.kumarasamy\Selenium\Cadency\target\test-classes;C:\Users\n.kumarasamy\Selenium\Cadency\target\classes;C:\Users\n.kumarasamy\.m2\repository\junit\junit\3.8.1\junit-3.8.1.jar;C:\Users\n.kumarasamy\.m2\repository\org\apache\poi\poi-ooxml\3.6\poi-ooxml-3.6.jar;C:\Users\n.kumarasamy\.m2\repository\net\sourceforge\jexcelapi\jxl\2.6.3\jxl-2.6.3.jar;C:\Users\n.kumarasamy\.m2\repository\log4j\log4j\1.2.14\log4j-1.2.14.jar;C:\Users\n.kumarasamy\.m2\repository\javax\mail\mail\1.4\mail-1.4.jar;C:\Users\n.kumarasamy\.m2\repository\javax\activation\activation\1.1\activation-1.1.jar;C:\Users\n.kumarasamy\.m2\repository\org\apache\poi\poi-contrib\3.6\poi-contrib-3.6.jar;C:\Users\n.kumarasamy\.m2\repository\commons-logging\commons-logging\1.1\commons-logging-1.1.jar;C:\Users\n.kumarasamy\.m2\repository\logkit\logkit\1.0.1\logkit-1.0.1.jar;C:\Users\n.kumarasamy\.m2\repository\avalon-framework\avalon-framework\4.1.3\avalon-framework-4.1.3.jar;C:\Users\n.kumarasamy\.m2\repository\javax\servlet\servlet-api\2.3\servlet-api-2.3.jar;C:\Users\n.kumarasamy\.m2\repository\org\apache\geronimo\specs\geronimo-stax-api_1.0_spec\1.0.1\geronimo-stax-api_1.0_spec-1.0.1.jar;C:\Users\n.kumarasamy\.m2\repository\org\apache\poi\poi\3.6\poi-3.6.jar;C:\Users\n.kumarasamy\.m2\repository\org\apache\poi\poi-ooxml-schemas\3.6\poi-ooxml-schemas-3.6.jar;C:\Users\n.kumarasamy\.m2\repository\org\apache\poi\poi-scratchpad\3.6\poi-scratchpad-3.6.jar;C:\Users\n.kumarasamy\.m2\repository\dom4j\dom4j\1.6.1\dom4j-1.6.1.jar;C:\Users\n.kumarasamy\.m2\repository\xml-apis\xml-apis\1.0.b2\xml-apis-1.0.b2.jar;C:\Users\n.kumarasamy\.m2\repository\org\apache\xmlbeans\xmlbeans\2.3.0\xmlbeans-2.3.0.jar;C:\Users\n.kumarasamy\.m2\repository\stax\stax-api\1.0.1\stax-api-1.0.1.jar;C:\Users\n.kumarasamy\.m2\repository\org\testng\testng\6.8\testng-6.8.jar;C:\Users\n.kumarasamy\.m2\repository\org\beanshell\bsh\2.0b4\bsh-2.0b4.jar;C:\Users\n.kumarasamy\.m2\repository\com\beust\jcommander\1.27\jcommander-1.27.jar;C:\Users\n.kumarasamy\.m2\repository\org\yaml\snakeyaml\1.6\snakeyaml-1.6.jar;C:\Users\n.kumarasamy\.m2\repository\com\google\inject\guice\4.0-beta\guice-4.0-beta.jar;C:\Users\n.kumarasamy\.m2\repository\javax\inject\javax.inject\1\javax.inject-1.jar;C:\Users\n.kumarasamy\.m2\repository\aopalliance\aopalliance\1.0\aopalliance-1.0.jar;C:\Users\n.kumarasamy\.m2\repository\velocity\velocity-dep\1.4\velocity-dep-1.4.jar;C:\Users\n.kumarasamy\.m2\repository\org\seleniumhq\selenium\selenium-java\2.48.0\selenium-java-2.48.0.jar;C:\Users\n.kumarasamy\.m2\repository\org\seleniumhq\selenium\selenium-chrome-driver\2.48.0\selenium-chrome-driver-2.48.0.jar;C:\Users\n.kumarasamy\.m2\repository\org\seleniumhq\selenium\selenium-remote-driver\2.48.0\selenium-remote-driver-2.48.0.jar;C:\Users\n.kumarasamy\.m2\repository\cglib\cglib-nodep\2.1_3\cglib-nodep-2.1_3.jar;C:\Users\n.kumarasamy\.m2\repository\com\google\code\gson\gson\2.3.1\gson-2.3.1.jar;C:\Users\n.kumarasamy\.m2\repository\org\seleniumhq\selenium\selenium-api\2.48.0\selenium-api-2.48.0.jar;C:\Users\n.kumarasamy\.m2\repository\org\seleniumhq\selenium\selenium-edge-driver\2.48.0\selenium-edge-driver-2.48.0.jar;C:\Users\n.kumarasamy\.m2\repository\commons-io\commons-io\2.4\commons-io-2.4.jar;C:\Users\n.kumarasamy\.m2\repository\org\apache\commons\commons-exec\1.3\commons-exec-1.3.jar;C:\Users\n.kumarasamy\.m2\repository\org\seleniumhq\selenium\selenium-htmlunit-driver\2.48.0\selenium-htmlunit-driver-2.48.0.jar;C:\Users\n.kumarasamy\.m2\repository\net\sourceforge\htmlunit\htmlunit\2.18\htmlunit-2.18.jar;C:\Users\n.kumarasamy\.m2\repository\xalan\xalan\2.7.2\xalan-2.7.2.jar;C:\Users\n.kumarasamy\.m2\repository\xalan\serializer\2.7.2\serializer-2.7.2.jar;C:\Users\n.kumarasamy\.m2\repository\commons-collections\commons-collections\3.2.1\commons-collections-3.2.1.jar;C:\Users\n.kumarasamy\.m2\repository\org\apache\commons\commons-lang3\3.4\commons-lang3-3.4.jar;C:\Users\n.kumarasamy\.m2\repository\org\apache\httpcomponents\httpmime\4.5\httpmime-4.5.jar;C:\Users\n.kumarasamy\.m2\repository\commons-codec\commons-codec\1.10\commons-codec-1.10.jar;C:\Users\n.kumarasamy\.m2\repository\net\sourceforge\htmlunit\htmlunit-core-js\2.17\htmlunit-core-js-2.17.jar;C:\Users\n.kumarasamy\.m2\repository\xerces\xercesImpl\2.11.0\xercesImpl-2.11.0.jar;C:\Users\n.kumarasamy\.m2\repository\net\sourceforge\nekohtml\nekohtml\1.9.22\nekohtml-1.9.22.jar;C:\Users\n.kumarasamy\.m2\repository\net\sourceforge\cssparser\cssparser\0.9.16\cssparser-0.9.16.jar;C:\Users\n.kumarasamy\.m2\repository\org\w3c\css\sac\1.3\sac-1.3.jar;C:\Users\n.kumarasamy\.m2\repository\org\eclipse\jetty\websocket\websocket-client\9.2.12.v20150709\websocket-client-9.2.12.v20150709.jar;C:\Users\n.kumarasamy\.m2\repository\org\eclipse\jetty\jetty-util\9.2.12.v20150709\jetty-util-9.2.12.v20150709.jar;C:\Users\n.kumarasamy\.m2\repository\org\eclipse\jetty\jetty-io\9.2.12.v20150709\jetty-io-9.2.12.v20150709.jar;C:\Users\n.kumarasamy\.m2\repository\org\eclipse\jetty\websocket\websocket-common\9.2.12.v20150709\websocket-common-9.2.12.v20150709.jar;C:\Users\n.kumarasamy\.m2\repository\org\eclipse\jetty\websocket\websocket-api\9.2.12.v20150709\websocket-api-9.2.12.v20150709.jar;C:\Users\n.kumarasamy\.m2\repository\org\apache\httpcomponents\httpclient\4.5\httpclient-4.5.jar;C:\Users\n.kumarasamy\.m2\repository\org\apache\httpcomponents\httpcore\4.4.1\httpcore-4.4.1.jar;C:\Users\n.kumarasamy\.m2\repository\org\seleniumhq\selenium\selenium-firefox-driver\2.48.0\selenium-firefox-driver-2.48.0.jar;C:\Users\n.kumarasamy\.m2\repository\org\seleniumhq\selenium\selenium-ie-driver\2.48.0\selenium-ie-driver-2.48.0.jar;C:\Users\n.kumarasamy\.m2\repository\net\java\dev\jna\jna\4.1.0\jna-4.1.0.jar;C:\Users\n.kumarasamy\.m2\repository\net\java\dev\jna\jna-platform\4.1.0\jna-platform-4.1.0.jar;C:\Users\n.kumarasamy\.m2\repository\org\seleniumhq\selenium\selenium-safari-driver\2.48.0\selenium-safari-driver-2.48.0.jar;C:\Users\n.kumarasamy\.m2\repository\org\seleniumhq\selenium\selenium-support\2.48.0\selenium-support-2.48.0.jar;C:\Users\n.kumarasamy\.m2\repository\org\webbitserver\webbit\0.4.14\webbit-0.4.14.jar;C:\Users\n.kumarasamy\.m2\repository\io\netty\netty\3.5.2.Final\netty-3.5.2.Final.jar;C:\Users\n.kumarasamy\.m2\repository\org\seleniumhq\selenium\selenium-leg-rc\2.48.0\selenium-leg-rc-2.48.0.jar;C:\Users\n.kumarasamy\.m2\repository\com\google\guava\guava\18.0\guava-18.0.jar;C:\Users\n.kumarasamy\.m2\repository\org\uncommons\reportng\1.1.4\reportng-1.1.4.jar;C:\Users\n.kumarasamy\.m2\repository\velocity\velocity\1.4\velocity-1.4.jar;C:\Users\n.kumarasamy\.m2\repository\org\apache\maven\surefire\surefire-testng-utils\2.18.1\surefire-testng-utils-2.18.1.jar;C:\Users\n.kumarasamy\.m2\repository\org\apache\maven\surefire\surefire-grouper\2.18.1\surefire-grouper-2.18.1.jar;"/>
    <property name="java.specification.name" value="Java Platform API Specification"/>
    <property name="java.class.version" value="51.0"/>
    <property name="sun.management.compiler" value="HotSpot Client Compiler"/>
    <property name="os.version" value="6.1"/>
    <property name="user.home" value="C:\Users\n.kumarasamy"/>
    <property name="user.timezone" value="Asia/Calcutta"/>
    <property name="java.awt.printerjob" value="sun.awt.windows.WPrinterJob"/>
    <property name="java.specification.version" value="1.7"/>
    <property name="file.encoding" value="Cp1252"/>
    <property name="user.name" value="n.kumarasamy"/>
    <property name="java.class.path" value="/C:/Program Files (x86)/Eclipse/plugins/org.eclipse.m2e.maven.runtime_1.5.1.20150109-1819/jars/plexus-classworlds-2.5.1.jar"/>
    <property name="org.slf4j.simpleLogger.defaultLogLevel" value="info"/>
    <property name="java.vm.specification.version" value="1.7"/>
    <property name="sun.arch.data.model" value="32"/>
    <property name="java.home" value="C:\Program Files (x86)\Java\jdk1.7.0_79\jre"/>
    <property name="sun.java.command" value="org.codehaus.plexus.classworlds.launcher.Launcher -B test"/>
    <property name="java.specification.vendor" value="Oracle Corporation"/>
    <property name="user.language" value="en"/>
    <property name="awt.toolkit" value="sun.awt.windows.WToolkit"/>
    <property name="java.vm.info" value="mixed mode, sharing"/>
    <property name="java.version" value="1.7.0_79"/>
    <property name="java.ext.dirs" value="C:\Program Files (x86)\Java\jdk1.7.0_79\jre\lib\ext;C:\windows\Sun\Java\lib\ext"/>
    <property name="sun.boot.class.path" value="C:\Program Files (x86)\Java\jdk1.7.0_79\jre\lib\resources.jar;C:\Program Files (x86)\Java\jdk1.7.0_79\jre\lib\rt.jar;C:\Program Files (x86)\Java\jdk1.7.0_79\jre\lib\sunrsasign.jar;C:\Program Files (x86)\Java\jdk1.7.0_79\jre\lib\jsse.jar;C:\Program Files (x86)\Java\jdk1.7.0_79\jre\lib\jce.jar;C:\Program Files (x86)\Java\jdk1.7.0_79\jre\lib\charsets.jar;C:\Program Files (x86)\Java\jdk1.7.0_79\jre\lib\jfr.jar;C:\Program Files (x86)\Java\jdk1.7.0_79\jre\classes"/>
    <property name="webdriver.chrome.driver" value="C:\Users\n.kumarasamy\Desktop\Selenium_Artifacts\chromedriver.exe"/>
    <property name="java.vendor" value="Oracle Corporation"/>
    <property name="maven.home" value="C:\Users\n.kumarasamy\Selenium\Cadency\EMBEDDED"/>
    <property name="org.uncommons.reportng.escape-output" value="false"/>
    <property name="localRepository" value="C:\Users\n.kumarasamy\.m2\repository"/>
    <property name="file.separator" value="\"/>
    <property name="java.vendor.url.bug" value="http://bugreport.sun.com/bugreport/"/>
    <property name="sun.cpu.endian" value="little"/>
    <property name="sun.io.unicode.encoding" value="UnicodeLittle"/>
    <property name="sun.desktop" value="windows"/>
    <property name="sun.cpu.isalist" value=""/>
  </properties>
  <testcase name="approvalDue" classname="scripts.Approver" time="19.392"/>
  <testcase name="approvalDue" classname="scripts.Approver" time="26.181"/>
  <testcase name="approvalDue" classname="scripts.Approver" time="0.001"/>
  <testcase name="approvalDue" classname="scripts.Approver" time="0.001"/>
  <testcase name="approvalDue" classname="scripts.Approver" time="0"/>
  <testcase name="approvalDue" classname="scripts.Approver" time="0"/>
  <testcase name="approvalDue" classname="scripts.Approver" time="0"/>
  <testcase name="approvalDue" classname="scripts.Approver" time="0"/>
  <testcase name="approvalDue" classname="scripts.Approver" time="0.001"/>
  <testcase name="approvalDue" classname="scripts.Approver" time="0"/>
  <testcase name="approvalDue" classname="scripts.Approver" time="0"/>
  <testcase name="approvalDue" classname="scripts.Approver" time="11.959">
    <failure message="element not visible&#10;  (Session info: chrome=51.0.2704.103)&#10;  (Driver info: chromedriver=2.14.313457 (3d645c400edf2e2c500566c9aa096063e707c9cf),platform=Windows NT 6.1 SP1 x86_64) (WARNING: The server did not provide any stacktrace information)&#10;Command duration or timeout: 1.02 seconds&#10;Build info: version: &apos;2.48.0&apos;, revision: &apos;b7b081a4f1289f17e8ecd38bc67e137c2a12e34a&apos;, time: &apos;2015-10-07 09:50:14&apos;&#10;System info: host: &apos;BDC4A-L-529724B&apos;, ip: &apos;10.187.158.145&apos;, os.name: &apos;Windows 7&apos;, os.arch: &apos;x86&apos;, os.version: &apos;6.1&apos;, java.version: &apos;1.7.0_79&apos;&#10;Session ID: ef792be2141e015edfb63d4aa24dbe82&#10;Driver info: org.openqa.selenium.chrome.ChromeDriver&#10;Capabilities [{platform=XP, acceptSslCerts=true, javascriptEnabled=true, browserName=chrome, chrome={userDataDir=C:\Users\NC2D9~1.KUM\AppData\Local\Temp\scoped_dir6760_12090}, rotatable=false, locationContextEnabled=true, mobileEmulationEnabled=false, version=51.0.2704.103, takesHeapSnapshot=true, cssSelectorsEnabled=true, databaseEnabled=false, handlesAlerts=true, browserConnectionEnabled=false, webStorageEnabled=true, nativeEvents=true, applicationCacheEnabled=false, takesScreenshot=true}]" type="org.openqa.selenium.ElementNotVisibleException">org.openqa.selenium.ElementNotVisibleException: element not visible
  (Session info: chrome=51.0.2704.103)
  (Driver info: chromedriver=2.14.313457 (3d645c400edf2e2c500566c9aa096063e707c9cf),platform=Windows NT 6.1 SP1 x86_64) (WARNING: The server did not provide any stacktrace information)
Command duration or timeout: 1.02 seconds
Build info: version: '2.48.0', revision: 'b7b081a4f1289f17e8ecd38bc67e137c2a12e34a', time: '2015-10-07 09:50:14'
System info: host: 'BDC4A-L-529724B', ip: '10.187.158.145', os.name: 'Windows 7', os.arch: 'x86', os.version: '6.1', java.version: '1.7.0_79'
Session ID: ef792be2141e015edfb63d4aa24dbe82
Driver info: org.openqa.selenium.chrome.ChromeDriver
Capabilities [{platform=XP, acceptSslCerts=true, javascriptEnabled=true, browserName=chrome, chrome={userDataDir=C:\Users\NC2D9~1.KUM\AppData\Local\Temp\scoped_dir6760_12090}, rotatable=false, locationContextEnabled=true, mobileEmulationEnabled=false, version=51.0.2704.103, takesHeapSnapshot=true, cssSelectorsEnabled=true, databaseEnabled=false, handlesAlerts=true, browserConnectionEnabled=false, webStorageEnabled=true, nativeEvents=true, applicationCacheEnabled=false, takesScreenshot=true}]
	at sun.reflect.NativeConstructorAccessorImpl.newInstance0(Native Method)
	at sun.reflect.NativeConstructorAccessorImpl.newInstance(NativeConstructorAccessorImpl.java:57)
	at sun.reflect.DelegatingConstructorAccessorImpl.newInstance(DelegatingConstructorAccessorImpl.java:45)
	at java.lang.reflect.Constructor.newInstance(Constructor.java:526)
	at org.openqa.selenium.remote.ErrorHandler.createThrowable(ErrorHandler.java:206)
	at org.openqa.selenium.remote.ErrorHandler.throwIfResponseFailed(ErrorHandler.java:158)
	at org.openqa.selenium.remote.RemoteWebDriver.execute(RemoteWebDriver.java:647)
	at org.openqa.selenium.remote.RemoteWebElement.execute(RemoteWebElement.java:326)
	at org.openqa.selenium.remote.RemoteWebElement.click(RemoteWebElement.java:84)
	at methods.Approver_Methods.navigateToApprovalsDue(Approver_Methods.java:95)
	at scripts.Approver.approvalDue(Approver.java:48)
</failure>
    <system-out><![CDATA[Reconciliations menu is clicked.
]]></system-out>
  </testcase>
  <testcase name="approvalDue" classname="scripts.Approver" time="0.668">
    <failure message="no such element&#10;  (Session info: chrome=51.0.2704.103)&#10;  (Driver info: chromedriver=2.14.313457 (3d645c400edf2e2c500566c9aa096063e707c9cf),platform=Windows NT 6.1 SP1 x86_64) (WARNING: The server did not provide any stacktrace information)&#10;Command duration or timeout: 666 milliseconds&#10;For documentation on this error, please visit: http://seleniumhq.org/exceptions/no_such_element.html&#10;Build info: version: &apos;2.48.0&apos;, revision: &apos;b7b081a4f1289f17e8ecd38bc67e137c2a12e34a&apos;, time: &apos;2015-10-07 09:50:14&apos;&#10;System info: host: &apos;BDC4A-L-529724B&apos;, ip: &apos;10.187.158.145&apos;, os.name: &apos;Windows 7&apos;, os.arch: &apos;x86&apos;, os.version: &apos;6.1&apos;, java.version: &apos;1.7.0_79&apos;&#10;*** Element info: {Using=xpath, value=//*[text()=&apos;Test2&apos;]//ancestor::tr//descendant::input[contains(@id,&apos;chkCertify&apos;)]}&#10;Session ID: ef792be2141e015edfb63d4aa24dbe82&#10;Driver info: org.openqa.selenium.chrome.ChromeDriver&#10;Capabilities [{platform=XP, acceptSslCerts=true, javascriptEnabled=true, browserName=chrome, chrome={userDataDir=C:\Users\NC2D9~1.KUM\AppData\Local\Temp\scoped_dir6760_12090}, rotatable=false, locationContextEnabled=true, mobileEmulationEnabled=false, version=51.0.2704.103, takesHeapSnapshot=true, cssSelectorsEnabled=true, databaseEnabled=false, handlesAlerts=true, browserConnectionEnabled=false, webStorageEnabled=true, nativeEvents=true, applicationCacheEnabled=false, takesScreenshot=true}]" type="org.openqa.selenium.NoSuchElementException">org.openqa.selenium.NoSuchElementException: no such element
  (Session info: chrome=51.0.2704.103)
  (Driver info: chromedriver=2.14.313457 (3d645c400edf2e2c500566c9aa096063e707c9cf),platform=Windows NT 6.1 SP1 x86_64) (WARNING: The server did not provide any stacktrace information)
Command duration or timeout: 666 milliseconds
For documentation on this error, please visit: http://seleniumhq.org/exceptions/no_such_element.html
Build info: version: '2.48.0', revision: 'b7b081a4f1289f17e8ecd38bc67e137c2a12e34a', time: '2015-10-07 09:50:14'
System info: host: 'BDC4A-L-529724B', ip: '10.187.158.145', os.name: 'Windows 7', os.arch: 'x86', os.version: '6.1', java.version: '1.7.0_79'
*** Element info: {Using=xpath, value=//*[text()='Test2']//ancestor::tr//descendant::input[contains(@id,'chkCertify')]}
Session ID: ef792be2141e015edfb63d4aa24dbe82
Driver info: org.openqa.selenium.chrome.ChromeDriver
Capabilities [{platform=XP, acceptSslCerts=true, javascriptEnabled=true, browserName=chrome, chrome={userDataDir=C:\Users\NC2D9~1.KUM\AppData\Local\Temp\scoped_dir6760_12090}, rotatable=false, locationContextEnabled=true, mobileEmulationEnabled=false, version=51.0.2704.103, takesHeapSnapshot=true, cssSelectorsEnabled=true, databaseEnabled=false, handlesAlerts=true, browserConnectionEnabled=false, webStorageEnabled=true, nativeEvents=true, applicationCacheEnabled=false, takesScreenshot=true}]
	at sun.reflect.NativeConstructorAccessorImpl.newInstance0(Native Method)
	at sun.reflect.NativeConstructorAccessorImpl.newInstance(NativeConstructorAccessorImpl.java:57)
	at sun.reflect.DelegatingConstructorAccessorImpl.newInstance(DelegatingConstructorAccessorImpl.java:45)
	at java.lang.reflect.Constructor.newInstance(Constructor.java:526)
	at org.openqa.selenium.remote.ErrorHandler.createThrowable(ErrorHandler.java:206)
	at org.openqa.selenium.remote.ErrorHandler.throwIfResponseFailed(ErrorHandler.java:158)
	at org.openqa.selenium.remote.RemoteWebDriver.execute(RemoteWebDriver.java:647)
	at org.openqa.selenium.remote.RemoteWebDriver.findElement(RemoteWebDriver.java:353)
	at org.openqa.selenium.remote.RemoteWebDriver.findElementByXPath(RemoteWebDriver.java:490)
	at org.openqa.selenium.By$ByXPath.findElement(By.java:361)
	at org.openqa.selenium.remote.RemoteWebDriver.findElement(RemoteWebDriver.java:345)
	at methods.Approver_Methods.certifyReconciliation(Approver_Methods.java:367)
	at scripts.Approver.approvalDue(Approver.java:57)
</failure>
  </testcase>
  <testcase name="approvalDue" classname="scripts.Approver" time="0.552">
    <failure message="no such element&#10;  (Session info: chrome=51.0.2704.103)&#10;  (Driver info: chromedriver=2.14.313457 (3d645c400edf2e2c500566c9aa096063e707c9cf),platform=Windows NT 6.1 SP1 x86_64) (WARNING: The server did not provide any stacktrace information)&#10;Command duration or timeout: 549 milliseconds&#10;For documentation on this error, please visit: http://seleniumhq.org/exceptions/no_such_element.html&#10;Build info: version: &apos;2.48.0&apos;, revision: &apos;b7b081a4f1289f17e8ecd38bc67e137c2a12e34a&apos;, time: &apos;2015-10-07 09:50:14&apos;&#10;System info: host: &apos;BDC4A-L-529724B&apos;, ip: &apos;10.187.158.145&apos;, os.name: &apos;Windows 7&apos;, os.arch: &apos;x86&apos;, os.version: &apos;6.1&apos;, java.version: &apos;1.7.0_79&apos;&#10;*** Element info: {Using=xpath, value=//*[text()=&apos;Test2&apos;]//ancestor::tr//descendant::input[contains(@id,&apos;chkCertify&apos;)]}&#10;Session ID: ef792be2141e015edfb63d4aa24dbe82&#10;Driver info: org.openqa.selenium.chrome.ChromeDriver&#10;Capabilities [{platform=XP, acceptSslCerts=true, javascriptEnabled=true, browserName=chrome, chrome={userDataDir=C:\Users\NC2D9~1.KUM\AppData\Local\Temp\scoped_dir6760_12090}, rotatable=false, locationContextEnabled=true, mobileEmulationEnabled=false, version=51.0.2704.103, takesHeapSnapshot=true, cssSelectorsEnabled=true, databaseEnabled=false, handlesAlerts=true, browserConnectionEnabled=false, webStorageEnabled=true, nativeEvents=true, applicationCacheEnabled=false, takesScreenshot=true}]" type="org.openqa.selenium.NoSuchElementException">org.openqa.selenium.NoSuchElementException: no such element
  (Session info: chrome=51.0.2704.103)
  (Driver info: chromedriver=2.14.313457 (3d645c400edf2e2c500566c9aa096063e707c9cf),platform=Windows NT 6.1 SP1 x86_64) (WARNING: The server did not provide any stacktrace information)
Command duration or timeout: 549 milliseconds
For documentation on this error, please visit: http://seleniumhq.org/exceptions/no_such_element.html
Build info: version: '2.48.0', revision: 'b7b081a4f1289f17e8ecd38bc67e137c2a12e34a', time: '2015-10-07 09:50:14'
System info: host: 'BDC4A-L-529724B', ip: '10.187.158.145', os.name: 'Windows 7', os.arch: 'x86', os.version: '6.1', java.version: '1.7.0_79'
*** Element info: {Using=xpath, value=//*[text()='Test2']//ancestor::tr//descendant::input[contains(@id,'chkCertify')]}
Session ID: ef792be2141e015edfb63d4aa24dbe82
Driver info: org.openqa.selenium.chrome.ChromeDriver
Capabilities [{platform=XP, acceptSslCerts=true, javascriptEnabled=true, browserName=chrome, chrome={userDataDir=C:\Users\NC2D9~1.KUM\AppData\Local\Temp\scoped_dir6760_12090}, rotatable=false, locationContextEnabled=true, mobileEmulationEnabled=false, version=51.0.2704.103, takesHeapSnapshot=true, cssSelectorsEnabled=true, databaseEnabled=false, handlesAlerts=true, browserConnectionEnabled=false, webStorageEnabled=true, nativeEvents=true, applicationCacheEnabled=false, takesScreenshot=true}]
	at sun.reflect.NativeConstructorAccessorImpl.newInstance0(Native Method)
	at sun.reflect.NativeConstructorAccessorImpl.newInstance(NativeConstructorAccessorImpl.java:57)
	at sun.reflect.DelegatingConstructorAccessorImpl.newInstance(DelegatingConstructorAccessorImpl.java:45)
	at java.lang.reflect.Constructor.newInstance(Constructor.java:526)
	at org.openqa.selenium.remote.ErrorHandler.createThrowable(ErrorHandler.java:206)
	at org.openqa.selenium.remote.ErrorHandler.throwIfResponseFailed(ErrorHandler.java:158)
	at org.openqa.selenium.remote.RemoteWebDriver.execute(RemoteWebDriver.java:647)
	at org.openqa.selenium.remote.RemoteWebDriver.findElement(RemoteWebDriver.java:353)
	at org.openqa.selenium.remote.RemoteWebDriver.findElementByXPath(RemoteWebDriver.java:490)
	at org.openqa.selenium.By$ByXPath.findElement(By.java:361)
	at org.openqa.selenium.remote.RemoteWebDriver.findElement(RemoteWebDriver.java:345)
	at methods.Approver_Methods.rejectReconciliation(Approver_Methods.java:422)
	at scripts.Approver.approvalDue(Approver.java:60)
</failure>
  </testcase>
</testsuite>